0 info it worked if it ends with ok
1 verbose cli [ '/Users/gabrielstuff/.nvm/v0.10.35/bin/node',
1 verbose cli   '/Users/gabrielstuff/.nvm/v0.10.35/bin/npm',
1 verbose cli   'install' ]
2 info using npm@1.4.28
3 info using node@v0.10.35
4 warn package.json fechty@1.0.0 No repository field.
5 warn package.json fechty@1.0.0 No README data
6 verbose readDependencies using package.json deps
7 verbose install where, deps [ '/Volumes/Macintosh HD/Users/gabrielstuff/Sources/node/fechty',
7 verbose install   [ 'gulp',
7 verbose install     'gulp-sass',
7 verbose install     'gulp-concat',
7 verbose install     'gulp-minify-css',
7 verbose install     'gulp-rename',
7 verbose install     'express',
7 verbose install     'node-ansible',
7 verbose install     'bower',
7 verbose install     'gulp-express',
7 verbose install     'gulp-util',
7 verbose install     'shelljs' ] ]
8 info preinstall fechty@1.0.0
9 verbose readDependencies using package.json deps
10 verbose already installed skipping gulp-rename@^1.2.0 /Volumes/Macintosh HD/Users/gabrielstuff/Sources/node/fechty
11 verbose already installed skipping express@4.11.2 /Volumes/Macintosh HD/Users/gabrielstuff/Sources/node/fechty
12 verbose cache add [ 'node-ansible@git@github.com:soixantecircuits/node-ansible.git',
12 verbose cache add   null ]
13 verbose cache add name=undefined spec="node-ansible@git@github.com:soixantecircuits/node-ansible.git" args=["node-ansible@git@github.com:soixantecircuits/node-ansible.git",null]
14 verbose parsed url { protocol: null,
14 verbose parsed url   slashes: null,
14 verbose parsed url   auth: null,
14 verbose parsed url   host: null,
14 verbose parsed url   port: null,
14 verbose parsed url   hostname: null,
14 verbose parsed url   hash: null,
14 verbose parsed url   search: null,
14 verbose parsed url   query: null,
14 verbose parsed url   pathname: 'node-ansible@git@github.com:soixantecircuits/node-ansible.git',
14 verbose parsed url   path: 'node-ansible@git@github.com:soixantecircuits/node-ansible.git',
14 verbose parsed url   href: 'node-ansible@git@github.com:soixantecircuits/node-ansible.git' }
15 verbose already installed skipping bower@^1.3.3 /Volumes/Macintosh HD/Users/gabrielstuff/Sources/node/fechty
16 verbose already installed skipping gulp-express@^0.1.7 /Volumes/Macintosh HD/Users/gabrielstuff/Sources/node/fechty
17 verbose already installed skipping gulp-util@^2.2.14 /Volumes/Macintosh HD/Users/gabrielstuff/Sources/node/fechty
18 verbose cache add name="node-ansible" spec="git@github.com:soixantecircuits/node-ansible.git" args=["node-ansible","git@github.com:soixantecircuits/node-ansible.git"]
19 verbose parsed url { protocol: null,
19 verbose parsed url   slashes: null,
19 verbose parsed url   auth: null,
19 verbose parsed url   host: null,
19 verbose parsed url   port: null,
19 verbose parsed url   hostname: null,
19 verbose parsed url   hash: null,
19 verbose parsed url   search: null,
19 verbose parsed url   query: null,
19 verbose parsed url   pathname: 'git@github.com:soixantecircuits/node-ansible.git',
19 verbose parsed url   path: 'git@github.com:soixantecircuits/node-ansible.git',
19 verbose parsed url   href: 'git@github.com:soixantecircuits/node-ansible.git' }
20 verbose addNamed [ 'node-ansible',
20 verbose addNamed   'git@github.com:soixantecircuits/node-ansible.git' ]
21 verbose addNamed [ null, null ]
22 verbose already installed skipping shelljs@^0.3.0 /Volumes/Macintosh HD/Users/gabrielstuff/Sources/node/fechty
23 verbose already installed skipping gulp@^3.5.6 /Volumes/Macintosh HD/Users/gabrielstuff/Sources/node/fechty
24 verbose already installed skipping gulp-sass@^0.7.1 /Volumes/Macintosh HD/Users/gabrielstuff/Sources/node/fechty
25 silly lockFile 9187c5ae-oixantecircuits-node-ansible-git node-ansible@git@github.com:soixantecircuits/node-ansible.git
26 verbose lock node-ansible@git@github.com:soixantecircuits/node-ansible.git /Users/gabrielstuff/.npm/9187c5ae-oixantecircuits-node-ansible-git.lock
27 info addNameTag [ 'node-ansible',
27 info addNameTag   'git@github.com:soixantecircuits/node-ansible.git' ]
28 verbose already installed skipping gulp-concat@^2.2.0 /Volumes/Macintosh HD/Users/gabrielstuff/Sources/node/fechty
29 verbose already installed skipping gulp-minify-css@^0.3.0 /Volumes/Macintosh HD/Users/gabrielstuff/Sources/node/fechty
30 verbose request where is /node-ansible
31 verbose request registry https://registry.npmjs.org/
32 verbose request id 72927079157969ec
33 verbose url raw /node-ansible
34 verbose url resolving [ 'https://registry.npmjs.org/', './node-ansible' ]
35 verbose url resolved https://registry.npmjs.org/node-ansible
36 verbose request where is https://registry.npmjs.org/node-ansible
37 info trying registry request attempt 1 at 23:44:37
38 verbose etag "9SJY2PH9SEAWV6NA5VMZJEWNI"
39 http GET https://registry.npmjs.org/node-ansible
40 http 304 https://registry.npmjs.org/node-ansible
41 silly registry.get cb [ 304,
41 silly registry.get   { date: 'Sun, 15 Feb 2015 22:44:38 GMT',
41 silly registry.get     server: 'Apache',
41 silly registry.get     via: '1.1 varnish',
41 silly registry.get     'last-modified': 'Sun, 15 Feb 2015 22:44:39 GMT',
41 silly registry.get     'cache-control': 'max-age=60',
41 silly registry.get     etag: '"9SJY2PH9SEAWV6NA5VMZJEWNI"',
41 silly registry.get     age: '0',
41 silly registry.get     'x-served-by': 'cache-fra1220-FRA',
41 silly registry.get     'x-cache': 'MISS',
41 silly registry.get     'x-cache-hits': '0',
41 silly registry.get     'x-timer': 'S1424040278.426360,VS0,VE714',
41 silly registry.get     vary: 'Accept',
41 silly registry.get     'content-length': '0',
41 silly registry.get     'keep-alive': 'timeout=10, max=50',
41 silly registry.get     connection: 'Keep-Alive' } ]
42 verbose etag https://registry.npmjs.org/node-ansible from cache
43 info maybeGithub Attempting git@github.com:soixantecircuits/node-ansible.git from git://github.com/git@github.com:soixantecircuits/node-ansible.git
44 silly lockFile 1141f03f-oixantecircuits-node-ansible-git git://github.com/git@github.com:soixantecircuits/node-ansible.git
45 verbose lock git://github.com/git@github.com:soixantecircuits/node-ansible.git /Users/gabrielstuff/.npm/1141f03f-oixantecircuits-node-ansible-git.lock
46 verbose addRemoteGit [ 'git://github.com/git@github.com:soixantecircuits/node-ansible.git',
46 verbose addRemoteGit   'master' ]
47 verbose git clone git://github.com/git@github.com:soixantecircuits/node-ansible.git Cloning into bare repository '/Users/gabrielstuff/.npm/_git-remotes/git-github-com-git-github-com-soixantecircuits-node-ansible-git-1141f03f'...
47 verbose git clone git://github.com/git@github.com:soixantecircuits/node-ansible.git fatal: remote error:
47 verbose git clone git://github.com/git@github.com:soixantecircuits/node-ansible.git   git@github.com:soixantecircuits/node-ansible is not a valid repository name
47 verbose git clone git://github.com/git@github.com:soixantecircuits/node-ansible.git   Email support@github.com for help
48 silly lockFile 1141f03f-oixantecircuits-node-ansible-git git://github.com/git@github.com:soixantecircuits/node-ansible.git
49 silly lockFile 1141f03f-oixantecircuits-node-ansible-git git://github.com/git@github.com:soixantecircuits/node-ansible.git
50 info maybeGithub Attempting git@github.com:soixantecircuits/node-ansible.git from git+ssh://git@github.com:git@github.com:soixantecircuits/node-ansible.git
51 silly lockFile e51c2508-oixantecircuits-node-ansible-git git@github.com:git@github.com:soixantecircuits/node-ansible.git
52 verbose lock git@github.com:git@github.com:soixantecircuits/node-ansible.git /Users/gabrielstuff/.npm/e51c2508-oixantecircuits-node-ansible-git.lock
53 verbose addRemoteGit [ 'git@github.com:git@github.com:soixantecircuits/node-ansible.git',
53 verbose addRemoteGit   'master' ]
54 error git clone git@github.com:git@github.com:soixantecircuits/node-ansible.git Cloning into bare repository '/Users/gabrielstuff/.npm/_git-remotes/git-github-com-git-github-com-soixantecircuits-node-ansible-git-e51c2508'...
54 error git clone git@github.com:git@github.com:soixantecircuits/node-ansible.git fatal: remote error:
54 error git clone git@github.com:git@github.com:soixantecircuits/node-ansible.git    is not a valid repository name
54 error git clone git@github.com:git@github.com:soixantecircuits/node-ansible.git   Email support@github.com for help
55 silly lockFile e51c2508-oixantecircuits-node-ansible-git git@github.com:git@github.com:soixantecircuits/node-ansible.git
56 silly lockFile e51c2508-oixantecircuits-node-ansible-git git@github.com:git@github.com:soixantecircuits/node-ansible.git
57 silly lockFile 9187c5ae-oixantecircuits-node-ansible-git node-ansible@git@github.com:soixantecircuits/node-ansible.git
58 silly lockFile 9187c5ae-oixantecircuits-node-ansible-git node-ansible@git@github.com:soixantecircuits/node-ansible.git
59 error notarget No compatible version found: node-ansible@'git@github.com:soixantecircuits/node-ansible.git'
59 error notarget Valid install targets:
59 error notarget ["0.0.1","0.1.0","0.2.0","0.2.1","0.3.0"]
59 error notarget
59 error notarget This is most likely not a problem with npm itself.
59 error notarget In most cases you or one of your dependencies are requesting
59 error notarget a package version that doesn't exist.
60 error System Darwin 14.1.0
61 error command "/Users/gabrielstuff/.nvm/v0.10.35/bin/node" "/Users/gabrielstuff/.nvm/v0.10.35/bin/npm" "install"
62 error cwd /Volumes/Macintosh HD/Users/gabrielstuff/Sources/node/fechty
63 error node -v v0.10.35
64 error npm -v 1.4.28
65 error code ETARGET
66 verbose exit [ 1, true ]
